0 info it worked if it ends with ok
1 verbose cli [ 'C:\\Program Files\\nodejs\\node.exe',
1 verbose cli   'C:\\Program Files\\nodejs\\node_modules\\npm\\bin\\npm-cli.js',
1 verbose cli   'run',
1 verbose cli   'build2' ]
2 info using npm@3.10.10
3 info using node@v6.10.1
4 verbose run-script [ 'prebuild2', 'build2', 'postbuild2' ]
5 info lifecycle 03_codesplit_lazyload@1.0.0~prebuild2: 03_codesplit_lazyload@1.0.0
6 silly lifecycle 03_codesplit_lazyload@1.0.0~prebuild2: no script for prebuild2, continuing
7 info lifecycle 03_codesplit_lazyload@1.0.0~build2: 03_codesplit_lazyload@1.0.0
8 verbose lifecycle 03_codesplit_lazyload@1.0.0~build2: unsafe-perm in lifecycle true
9 verbose lifecycle 03_codesplit_lazyload@1.0.0~build2: PATH: C:\Program Files\nodejs\node_modules\npm\bin\node-gyp-bin;D:\work\webpack\code\webpackTest1\prepare\08_代码分离_懒加载\node_modules\.bin;C:\WINDOWS\system32;C:\WINDOWS;C:\WINDOWS\System32\Wbem;C:\WINDOWS\System32\WindowsPowerShell\v1.0\;C:\Program Files\nodejs\;C:\Program Files\SlikSvn\bin;E:\cordova-package\jdk1.8-64\bin;E:\cordova-package\android-sdk\platform-tools;E:\cordova-package\android-sdk\tools;C:\Program Files\VisualSVN Server\bin;C:\Program Files\TortoiseSVN\bin;C:\Program Files\Git\cmd;C:\Program Files\TortoiseGit\bin;C:\Program Files\OpenVPN\bin;C:\Users\Fei\AppData\Local\Microsoft\WindowsApps;C:\Users\Fei\AppData\Roaming\npm;C:\Program Files\MongoDB 2.6 Standard\bin;E:\BaiduYunDownload\gradle-4.1\bin;C:\Users\Fei\AppData\Local\Programs\Python\Python35\Scripts;C:\Users\Fei\AppData\Local\Programs\Python\Python35;
10 verbose lifecycle 03_codesplit_lazyload@1.0.0~build2: CWD: D:\work\webpack\code\webpackTest1\prepare\08_代码分离_懒加载
11 silly lifecycle 03_codesplit_lazyload@1.0.0~build2: Args: [ '/d /s /c', 'webpack --config webpack.config2.js' ]
12 verbose stack Error: kill ENOSYS
12 verbose stack     at exports._errnoException (util.js:1018:11)
12 verbose stack     at process.kill (internal/process.js:190:13)
12 verbose stack     at process.listener (C:\Program Files\nodejs\node_modules\npm\node_modules\npmlog\node_modules\gauge\node_modules\signal-exit\index.js:86:15)
12 verbose stack     at emitNone (events.js:91:20)
12 verbose stack     at process.emit (events.js:185:7)
12 verbose stack     at processEmit (C:\Program Files\nodejs\node_modules\npm\node_modules\npmlog\node_modules\gauge\node_modules\signal-exit\index.js:146:32)
12 verbose stack     at processEmit (C:\Program Files\nodejs\node_modules\npm\node_modules\npm-registry-client\node_modules\npmlog\node_modules\gauge\node_modules\signal-exit\index.js:146:32)
12 verbose stack     at Signal.wrap.onsignal (internal/process.js:217:44)
13 verbose cwd D:\work\webpack\code\webpackTest1\prepare\08_代码分离_懒加载
14 error Windows_NT 10.0.15063
15 error argv "C:\\Program Files\\nodejs\\node.exe" "C:\\Program Files\\nodejs\\node_modules\\npm\\bin\\npm-cli.js" "run" "build2"
16 error node v6.10.1
17 error npm  v3.10.10
18 error code ENOSYS
19 error errno ENOSYS
20 error syscall kill
21 error kill ENOSYS
22 error If you need help, you may report this error at:
22 error     <https://github.com/npm/npm/issues>
23 verbose exit [ 1, true ]
